reports/io-insert-koin/4-2-0-to-4-2-1/run-24862291463/phase1/before/shared/build/outputs/logs/manifest-merger-debug-report.txt
-- Merging decision tree log ---
manifest
ADDED from ProcessLibraryManifest/debug/tempAndroidManifest4777469303040827703.xml:2:13-83
INJECTED from ProcessLibraryManifest/debug/tempAndroidManifest4777469303040827703.xml:2:13-83
	package
		INJECTED from ProcessLibraryManifest/debug/tempAndroidManifest4777469303040827703.xml
	xmlns:android
		ADDED from ProcessLibraryManifest/debug/tempAndroidManifest4777469303040827703.xml:2:23-81
uses-sdk
INJECTED from ProcessLibraryManifest/debug/tempAndroidManifest4777469303040827703.xml reason: use-sdk injection requested
INJECTED from ProcessLibraryManifest/debug/tempAndroidManifest4777469303040827703.xml
INJECTED from ProcessLibraryManifest/debug/tempAndroidManifest4777469303040827703.xml
	android:targetSdkVersion
		INJECTED from ProcessLibraryManifest/debug/tempAndroidManifest4777469303040827703.xml
	android:minSdkVersion
		INJECTED from ProcessLibraryManifest/debug/tempAndroidManifest4777469303040827703.xml